<?xml version="1.0" encoding="UTF-8"?>
<!-- Generated by org.testng.reporters.JUnitXMLReporter -->
<testsuite hostname="INNAs-MBP.fios-router.home" ignored="8" name="Regression Test" tests="2" failures="0" timestamp="16 Jun 2019 19:36:09 GMT" time="0.821" errors="0">
  <testcase name="@BeforeTest generateReport" time="0.19" classname="com.syntax.utils.BaseClass">
    <failure type="java.lang.NullPointerException">
      <![CDATA[java.lang.NullPointerException
at com.syntax.utils.ConfigsReader.getProperty(ConfigsReader.java:31)
at com.syntax.utils.BaseClass.generateReport(BaseClass.java:78)
... Removed 24 stack frames]]>
    </failure>
  </testcase> <!-- @BeforeTest generateReport -->
  <testcase name="@BeforeMethod setUp" time="0.001" classname="com.syntax.utils.BaseClass">
    <failure type="java.lang.NullPointerException">
      <![CDATA[java.lang.NullPointerException
at com.syntax.utils.ConfigsReader.getProperty(ConfigsReader.java:31)
at com.syntax.utils.BaseClass.setUp(BaseClass.java:30)
... Removed 28 stack frames]]>
    </failure>
  </testcase> <!-- @BeforeMethod setUp -->
  <testcase name="@AfterMethod tearDown" time="0.0" classname="com.syntax.utils.BaseClass">
    <failure type="java.lang.NullPointerException">
      <![CDATA[java.lang.NullPointerException
at com.syntax.utils.BaseClass.tearDown(BaseClass.java:62)
... Removed 28 stack frames]]>
    </failure>
  </testcase> <!-- @AfterMethod tearDown -->
  <testcase name="addEmployee" time="0.0" classname="com.syntax.testcases.AddEmployeePageTest">
    <skipped/>
  </testcase> <!-- addEmployee -->
  <testcase name="negativeLogin" time="0.0" classname="com.syntax.testcases.LoginPageTest">
    <skipped/>
  </testcase> <!-- negativeLogin -->
  <testcase name="doLogin" time="0.0" classname="com.syntax.testcases.LoginPageTest">
    <ignored/>
  </testcase> <!-- doLogin -->
  <testcase name="testing" time="0.0" classname="com.syntax.testcases.ArrayReview">
    <ignored/>
  </testcase> <!-- testing -->
  <testcase name="@BeforeTest generateReport" time="0.0" classname="com.syntax.utils.BaseClass">
    <ignored/>
  </testcase> <!-- @BeforeTest generateReport -->
  <testcase name="@BeforeTest generateReport" time="0.0" classname="com.syntax.utils.BaseClass">
    <ignored/>
  </testcase> <!-- @BeforeTest generateReport -->
  <testcase name="addLocation" time="0.0" classname="com.syntax.testcases.AddLocationPageTest">
    <ignored/>
  </testcase> <!-- addLocation -->
  <testcase name="@AfterTest flushReport" time="0.0" classname="com.syntax.utils.BaseClass">
    <ignored/>
  </testcase> <!-- @AfterTest flushReport -->
  <testcase name="@AfterTest flushReport" time="0.0" classname="com.syntax.utils.BaseClass">
    <ignored/>
  </testcase> <!-- @AfterTest flushReport -->
  <testcase name="loginToOrangeHRM" time="0.0" classname="com.syntax.testcases.LoginPageTest">
    <ignored/>
  </testcase> <!-- loginToOrangeHRM -->
</testsuite> <!-- Regression Test -->
